<?xml version="1.0" encoding="UTF-8"?>
<!-- Generated by org.testng.reporters.JUnitXMLReporter -->
<testsuite hostname="MacBook-Pro.local" ignored="0" name="UnitTesting" tests="5" failures="0" timestamp="2022-03-22T12:26:22 CDT" time="25.881" errors="0">
  <testcase name="loginTest" time="4.571" classname="com.contracosta.barassociation.MemberForm"/>
  <testcase name="contactForm" time="15.422" classname="com.contracosta.barassociation.MemberForm"/>
  <testcase name="memberCategory" time="0.648" classname="com.contracosta.barassociation.MemberForm"/>
  <testcase name="languageCategory" time="0.564" classname="com.contracosta.barassociation.MemberForm"/>
  <testcase name="paymentCategory" time="2.514" classname="com.contracosta.barassociation.MemberForm"/>
</testsuite> <!-- UnitTesting -->
