<?xml version="1.0" encoding="UTF-8"?>
<testng-results skipped="0" failed="3" ignored="0" total="5" passed="2">
  <reporter-output>
  </reporter-output>
  <suite name="Default suite" duration-ms="56506" started-at="2022-05-19T20:44:44 IST" finished-at="2022-05-19T20:45:40 IST">
    <groups>
    </groups>
    <test name="Default test" duration-ms="56506" started-at="2022-05-19T20:44:44 IST" finished-at="2022-05-19T20:45:40 IST">
      <class name="com.contracosta.barassociation.MemberForm">
        <test-method status="PASS" signature="setUp()[pri:0, instance:com.contracosta.barassociation.MemberForm@5891e32e]" name="setUp" is-config="true" duration-ms="2622" started-at="2022-05-19T20:44:41 IST" finished-at="2022-05-19T20:44:44 IST">
          <reporter-output>
          </reporter-output>
        </test-method> <!-- setUp -->
        <test-method status="PASS" signature="beforeReport(java.lang.reflect.Method)[pri:0, instance:com.contracosta.barassociation.MemberForm@5891e32e]" name="beforeReport" is-config="true" duration-ms="8" started-at="2022-05-19T20:44:44 IST" finished-at="2022-05-19T20:44:44 IST">
          <params>
            <param index="0">
              <value>
                <![CDATA[public void com.contracosta.barassociation.MemberForm.loginTest(java.util.HashMap)]]>
              </value>
            </param>
          </params>
          <reporter-output>
          </reporter-output>
        </test-method> <!-- beforeReport -->
        <test-method status="PASS" signature="loginTest(java.util.HashMap)[pri:1, instance:com.contracosta.barassociation.MemberForm@5891e32e]" name="loginTest" duration-ms="5664" started-at="2022-05-19T20:44:44 IST" data-provider="create" finished-at="2022-05-19T20:44:50 IST">
          <params>
            <param index="0">
              <value>
                <![CDATA[{UserName=itodadmin19@intellinx.com, Password=itoddev96}]]>
              </value>
            </param>
          </params>
          <reporter-output>
          </reporter-output>
        </test-method> <!-- loginTest -->
        <test-method status="PASS" signature="afterReport(org.testng.ITestResult)[pri:0, instance:com.contracosta.barassociation.MemberForm@5891e32e]" name="afterReport" is-config="true" duration-ms="678" started-at="2022-05-19T20:44:50 IST" finished-at="2022-05-19T20:44:51 IST">
          <params>
            <param index="0">
              <value>
                <![CDATA[[TestResult name=loginTest status=SUCCESS method=MemberForm.loginTest(java.util.HashMap)[pri:1, instance:com.contracosta.barassociation.MemberForm@5891e32e] output={null}]]]>
              </value>
            </param>
          </params>
          <reporter-output>
          </reporter-output>
        </test-method> <!-- afterReport -->
        <test-method status="PASS" signature="beforeReport(java.lang.reflect.Method)[pri:0, instance:com.contracosta.barassociation.MemberForm@5891e32e]" name="beforeReport" is-config="true" duration-ms="0" started-at="2022-05-19T20:44:51 IST" finished-at="2022-05-19T20:44:51 IST">
          <params>
            <param index="0">
              <value>
                <![CDATA[public void com.contracosta.barassociation.MemberForm.contactForm(java.util.HashMap)]]>
              </value>
            </param>
          </params>
          <reporter-output>
          </reporter-output>
        </test-method> <!-- beforeReport -->
        <test-method status="PASS" signature="contactForm(java.util.HashMap)[pri:2, instance:com.contracosta.barassociation.MemberForm@5891e32e]" name="contactForm" duration-ms="17646" started-at="2022-05-19T20:44:51 IST" data-provider="memberInfo" finished-at="2022-05-19T20:45:08 IST">
          <params>
            <param index="0">
              <value>
                <![CDATA[{Zip=19804, OfficePhone=376-287-1954, Email=contracosta@abcd12191.com, EventBroadcastPrefference=no, Gender=Male, PublishNamePrint=no, PublishBioOnline=no, PublishPhotoPrint=yes, DOB=03/18/1990, PublishEmailPrint=yes, AttorneyMentor=no, Cell=708-567-2146, PublishEmailOnline=no, MailingOption=yes, PublishPhonePrint=yes, MentorToStudent=yes, ContactPrefference=email, City=Wilmington, NickName=Mike, SameMailinfInfo=yes, Suffix=Esq., PublishPhotoOnline=no, DateAdmitted=03/18/2002, State=Delaware, PublishBioPrint=yes, DateFirstAdmittedToState=02/15/2002, MentorToAttorney=no, Country=United States, LastName=Bob, Attorney=Yes, OfficeFax=532-326-1785, Website=www.avf.com, NotesText=This is a sample message for private notes., Salutation=Judge, PublishPhoneOnline=yes, StudentMentor=yes, OfficeAddressState=California, MemberPwd=high12, MemberId=1654828, Phone1=456-763-1097, Phone2=123-456-7890, Email1=acv@costa.com, Email2= , PublishNameOnline=yes, OfficeAddressZipcode=38764, OfficeAddressCounty= , CommitteBroadcastPrefference=yes, FirstName=Michael, Address2=Suite101, Address1=15,abc street, IMIS=Test, OfficeAddress2= , OfficeAddress1=189,car strret, Ethnicity=Latino, MagazinePrefference=mail, OfficeAddressCity=Fenton, Fax=543-189-9065, Initial=R}]]>
              </value>
            </param>
          </params>
          <reporter-output>
          </reporter-output>
        </test-method> <!-- contactForm -->
        <test-method status="PASS" signature="afterReport(org.testng.ITestResult)[pri:0, instance:com.contracosta.barassociation.MemberForm@5891e32e]" name="afterReport" is-config="true" duration-ms="418" started-at="2022-05-19T20:45:08 IST" finished-at="2022-05-19T20:45:09 IST">
          <params>
            <param index="0">
              <value>
                <![CDATA[[TestResult name=contactForm status=SUCCESS method=MemberForm.contactForm(java.util.HashMap)[pri:2, instance:com.contracosta.barassociation.MemberForm@5891e32e] output={null}]]]>
              </value>
            </param>
          </params>
          <reporter-output>
          </reporter-output>
        </test-method> <!-- afterReport -->
        <test-method status="PASS" signature="beforeReport(java.lang.reflect.Method)[pri:0, instance:com.contracosta.barassociation.MemberForm@5891e32e]" name="beforeReport" is-config="true" duration-ms="0" started-at="2022-05-19T20:45:09 IST" finished-at="2022-05-19T20:45:09 IST">
          <params>
            <param index="0">
              <value>
                <![CDATA[public void com.contracosta.barassociation.MemberForm.memberCategory(java.util.HashMap)]]>
              </value>
            </param>
          </params>
          <reporter-output>
          </reporter-output>
        </test-method> <!-- beforeReport -->
        <test-method status="FAIL" signature="memberCategory(java.util.HashMap)[pri:3, instance:com.contracosta.barassociation.MemberForm@5891e32e]" name="memberCategory" duration-ms="10047" started-at="2022-05-19T20:45:09 IST" data-provider="membership" finished-at="2022-05-19T20:45:19 IST">
          <params>
            <param index="0">
              <value>
                <![CDATA[{ProductServices=LAW_Test 1|2|150, DonationInformation=JFK & JD Scholarship|200,member_renewal_cont_nc|100, MemberCategory=Test}]]>
              </value>
            </param>
          </params>
          <exception class="org.openqa.selenium.NoSuchElementException">
            <message>
              <![CDATA[no such element: Unable to locate element: {"method":"xpath","selector":"//input[@id=//label[contains(text(),'Test')]/@for]"}
  (Session info: chrome=102.0.5005.61)
For documentation on this error, please visit: https://www.seleniumhq.org/exceptions/no_such_element.html
Build info: version: '3.141.59', revision: 'e82be7d358', time: '2018-11-14T08:17:03'
System info: host: 'MacBook-Pro-2.local', ip: 'fe80:0:0:0:8ec:2aef:f3af:f7af%en0', os.name: 'Mac OS X', os.arch: 'x86_64', os.version: '12.3.1', java.version: '1.8.0_321'
Driver info: org.openqa.selenium.chrome.ChromeDriver
Capabilities {acceptInsecureCerts: false, browserName: chrome, browserVersion: 102.0.5005.61, chrome: {chromedriverVersion: 102.0.5005.27 (df4a85108ffa..., userDataDir: /var/folders/lh/5f3b6b7x5h1...}, goog:chromeOptions: {debuggerAddress: localhost:62083}, javascriptEnabled: true, networkConnectionEnabled: false, pageLoadStrategy: normal, platform: MAC, platformName: MAC, proxy: Proxy(), setWindowRect: true, strictFileInteractability: false, timeouts: {implicit: 0, pageLoad: 300000, script: 30000}, unhandledPromptBehavior: dismiss and notify, webauthn:extension:credBlob: true, webauthn:extension:largeBlob: true, webauthn:virtualAuthenticators: true}
Session ID: d831bc0f61ff1c4d8a0c73c5517e091c
*** Element info: {Using=xpath, value=//input[@id=//label[contains(text(),'Test')]/@for]}]]>
            </message>
            <full-stacktrace>
              <![CDATA[org.openqa.selenium.NoSuchElementException: no such element: Unable to locate element: {"method":"xpath","selector":"//input[@id=//label[contains(text(),'Test')]/@for]"}
  (Session info: chrome=102.0.5005.61)
For documentation on this error, please visit: https://www.seleniumhq.org/exceptions/no_such_element.html
Build info: version: '3.141.59', revision: 'e82be7d358', time: '2018-11-14T08:17:03'
System info: host: 'MacBook-Pro-2.local', ip: 'fe80:0:0:0:8ec:2aef:f3af:f7af%en0', os.name: 'Mac OS X', os.arch: 'x86_64', os.version: '12.3.1', java.version: '1.8.0_321'
Driver info: org.openqa.selenium.chrome.ChromeDriver
Capabilities {acceptInsecureCerts: false, browserName: chrome, browserVersion: 102.0.5005.61, chrome: {chromedriverVersion: 102.0.5005.27 (df4a85108ffa..., userDataDir: /var/folders/lh/5f3b6b7x5h1...}, goog:chromeOptions: {debuggerAddress: localhost:62083}, javascriptEnabled: true, networkConnectionEnabled: false, pageLoadStrategy: normal, platform: MAC, platformName: MAC, proxy: Proxy(), setWindowRect: true, strictFileInteractability: false, timeouts: {implicit: 0, pageLoad: 300000, script: 30000}, unhandledPromptBehavior: dismiss and notify, webauthn:extension:credBlob: true, webauthn:extension:largeBlob: true, webauthn:virtualAuthenticators: true}
Session ID: d831bc0f61ff1c4d8a0c73c5517e091c
*** Element info: {Using=xpath, value=//input[@id=//label[contains(text(),'Test')]/@for]}
at sun.reflect.NativeConstructorAccessorImpl.newInstance0(Native Method)
at sun.reflect.NativeConstructorAccessorImpl.newInstance(NativeConstructorAccessorImpl.java:62)
at sun.reflect.DelegatingConstructorAccessorImpl.newInstance(DelegatingConstructorAccessorImpl.java:45)
at java.lang.reflect.Constructor.newInstance(Constructor.java:423)
at org.openqa.selenium.remote.http.W3CHttpResponseCodec.createException(W3CHttpResponseCodec.java:187)
at org.openqa.selenium.remote.http.W3CHttpResponseCodec.decode(W3CHttpResponseCodec.java:122)
at org.openqa.selenium.remote.http.W3CHttpResponseCodec.decode(W3CHttpResponseCodec.java:49)
at org.openqa.selenium.remote.HttpCommandExecutor.execute(HttpCommandExecutor.java:158)
at org.openqa.selenium.remote.service.DriverCommandExecutor.execute(DriverCommandExecutor.java:83)
at org.openqa.selenium.remote.RemoteWebDriver.execute(RemoteWebDriver.java:552)
at org.openqa.selenium.remote.RemoteWebDriver.findElement(RemoteWebDriver.java:323)
at org.openqa.selenium.remote.RemoteWebDriver.findElementByXPath(RemoteWebDriver.java:428)
at org.openqa.selenium.By$ByXPath.findElement(By.java:353)
at org.openqa.selenium.remote.RemoteWebDriver.findElement(RemoteWebDriver.java:315)
at com.contracosta.pom.utils.PageUtilities.getInputByLabel(PageUtilities.java:26)
at com.contracosta.pom.subpages.Membership.MembershipCategories.setCategorybtn(MembershipCategories.java:21)
at com.contracosta.barassociation.MemberForm.memberCategory(MemberForm.java:128)
at sun.reflect.NativeMethodAccessorImpl.invoke0(Native Method)
at sun.reflect.NativeMethodAccessorImpl.invoke(NativeMethodAccessorImpl.java:62)
at sun.reflect.DelegatingMethodAccessorImpl.invoke(DelegatingMethodAccessorImpl.java:43)
at java.lang.reflect.Method.invoke(Method.java:498)
at org.testng.internal.MethodInvocationHelper.invokeMethod(MethodInvocationHelper.java:133)
at org.testng.internal.TestInvoker.invokeMethod(TestInvoker.java:598)
at org.testng.internal.TestInvoker.invokeTestMethod(TestInvoker.java:173)
at org.testng.internal.MethodRunner.runInSequence(MethodRunner.java:46)
at org.testng.internal.TestInvoker$MethodInvocationAgent.invoke(TestInvoker.java:824)
at org.testng.internal.TestInvoker.invokeTestMethods(TestInvoker.java:146)
at org.testng.internal.TestMethodWorker.invokeTestMethods(TestMethodWorker.java:146)
at org.testng.internal.TestMethodWorker.run(TestMethodWorker.java:128)
at java.util.ArrayList.forEach(ArrayList.java:1259)
at org.testng.TestRunner.privateRun(TestRunner.java:794)
at org.testng.TestRunner.run(TestRunner.java:596)
at org.testng.SuiteRunner.runTest(SuiteRunner.java:377)
at org.testng.SuiteRunner.runSequentially(SuiteRunner.java:371)
at org.testng.SuiteRunner.privateRun(SuiteRunner.java:332)
at org.testng.SuiteRunner.run(SuiteRunner.java:276)
at org.testng.SuiteRunnerWorker.runSuite(SuiteRunnerWorker.java:53)
at org.testng.SuiteRunnerWorker.run(SuiteRunnerWorker.java:96)
at org.testng.TestNG.runSuitesSequentially(TestNG.java:1212)
at org.testng.TestNG.runSuitesLocally(TestNG.java:1134)
at org.testng.TestNG.runSuites(TestNG.java:1063)
at org.testng.TestNG.run(TestNG.java:1031)
at org.testng.remote.AbstractRemoteTestNG.run(AbstractRemoteTestNG.java:115)
at org.testng.remote.RemoteTestNG.initAndRun(RemoteTestNG.java:251)
at org.testng.remote.RemoteTestNG.main(RemoteTestNG.java:77)
]]>
            </full-stacktrace>
          </exception> <!-- org.openqa.selenium.NoSuchElementException -->
          <reporter-output>
          </reporter-output>
        </test-method> <!-- memberCategory -->
        <test-method status="PASS" signature="afterReport(org.testng.ITestResult)[pri:0, instance:com.contracosta.barassociation.MemberForm@5891e32e]" name="afterReport" is-config="true" duration-ms="416" started-at="2022-05-19T20:45:19 IST" finished-at="2022-05-19T20:45:19 IST">
          <params>
            <param index="0">
              <value>
                <![CDATA[[TestResult name=memberCategory status=FAILURE method=MemberForm.memberCategory(java.util.HashMap)[pri:3, instance:com.contracosta.barassociation.MemberForm@5891e32e] output={null}]]]>
              </value>
            </param>
          </params>
          <reporter-output>
          </reporter-output>
        </test-method> <!-- afterReport -->
        <test-method status="PASS" signature="beforeReport(java.lang.reflect.Method)[pri:0, instance:com.contracosta.barassociation.MemberForm@5891e32e]" name="beforeReport" is-config="true" duration-ms="0" started-at="2022-05-19T20:45:19 IST" finished-at="2022-05-19T20:45:19 IST">
          <params>
            <param index="0">
              <value>
                <![CDATA[public void com.contracosta.barassociation.MemberForm.languageCategory(java.util.HashMap)]]>
              </value>
            </param>
          </params>
          <reporter-output>
          </reporter-output>
        </test-method> <!-- beforeReport -->
        <test-method status="FAIL" signature="languageCategory(java.util.HashMap)[pri:4, instance:com.contracosta.barassociation.MemberForm@5891e32e]" name="languageCategory" duration-ms="10069" started-at="2022-05-19T20:45:19 IST" data-provider="language" finished-at="2022-05-19T20:45:29 IST">
          <params>
            <param index="0">
              <value>
                <![CDATA[{Languages=Chinese,Tamil,Hindi,English}]]>
              </value>
            </param>
          </params>
          <exception class="org.openqa.selenium.NoSuchElementException">
            <message>
              <![CDATA[no such element: Unable to locate element: {"method":"xpath","selector":"//input[@id=//label[contains(text(),'Chinese')]/@for]"}
  (Session info: chrome=102.0.5005.61)
For documentation on this error, please visit: https://www.seleniumhq.org/exceptions/no_such_element.html
Build info: version: '3.141.59', revision: 'e82be7d358', time: '2018-11-14T08:17:03'
System info: host: 'MacBook-Pro-2.local', ip: 'fe80:0:0:0:8ec:2aef:f3af:f7af%en0', os.name: 'Mac OS X', os.arch: 'x86_64', os.version: '12.3.1', java.version: '1.8.0_321'
Driver info: org.openqa.selenium.chrome.ChromeDriver
Capabilities {acceptInsecureCerts: false, browserName: chrome, browserVersion: 102.0.5005.61, chrome: {chromedriverVersion: 102.0.5005.27 (df4a85108ffa..., userDataDir: /var/folders/lh/5f3b6b7x5h1...}, goog:chromeOptions: {debuggerAddress: localhost:62083}, javascriptEnabled: true, networkConnectionEnabled: false, pageLoadStrategy: normal, platform: MAC, platformName: MAC, proxy: Proxy(), setWindowRect: true, strictFileInteractability: false, timeouts: {implicit: 0, pageLoad: 300000, script: 30000}, unhandledPromptBehavior: dismiss and notify, webauthn:extension:credBlob: true, webauthn:extension:largeBlob: true, webauthn:virtualAuthenticators: true}
Session ID: d831bc0f61ff1c4d8a0c73c5517e091c
*** Element info: {Using=xpath, value=//input[@id=//label[contains(text(),'Chinese')]/@for]}]]>
            </message>
            <full-stacktrace>
              <![CDATA[org.openqa.selenium.NoSuchElementException: no such element: Unable to locate element: {"method":"xpath","selector":"//input[@id=//label[contains(text(),'Chinese')]/@for]"}
  (Session info: chrome=102.0.5005.61)
For documentation on this error, please visit: https://www.seleniumhq.org/exceptions/no_such_element.html
Build info: version: '3.141.59', revision: 'e82be7d358', time: '2018-11-14T08:17:03'
System info: host: 'MacBook-Pro-2.local', ip: 'fe80:0:0:0:8ec:2aef:f3af:f7af%en0', os.name: 'Mac OS X', os.arch: 'x86_64', os.version: '12.3.1', java.version: '1.8.0_321'
Driver info: org.openqa.selenium.chrome.ChromeDriver
Capabilities {acceptInsecureCerts: false, browserName: chrome, browserVersion: 102.0.5005.61, chrome: {chromedriverVersion: 102.0.5005.27 (df4a85108ffa..., userDataDir: /var/folders/lh/5f3b6b7x5h1...}, goog:chromeOptions: {debuggerAddress: localhost:62083}, javascriptEnabled: true, networkConnectionEnabled: false, pageLoadStrategy: normal, platform: MAC, platformName: MAC, proxy: Proxy(), setWindowRect: true, strictFileInteractability: false, timeouts: {implicit: 0, pageLoad: 300000, script: 30000}, unhandledPromptBehavior: dismiss and notify, webauthn:extension:credBlob: true, webauthn:extension:largeBlob: true, webauthn:virtualAuthenticators: true}
Session ID: d831bc0f61ff1c4d8a0c73c5517e091c
*** Element info: {Using=xpath, value=//input[@id=//label[contains(text(),'Chinese')]/@for]}
at sun.reflect.NativeConstructorAccessorImpl.newInstance0(Native Method)
at sun.reflect.NativeConstructorAccessorImpl.newInstance(NativeConstructorAccessorImpl.java:62)
at sun.reflect.DelegatingConstructorAccessorImpl.newInstance(DelegatingConstructorAccessorImpl.java:45)
at java.lang.reflect.Constructor.newInstance(Constructor.java:423)
at org.openqa.selenium.remote.http.W3CHttpResponseCodec.createException(W3CHttpResponseCodec.java:187)
at org.openqa.selenium.remote.http.W3CHttpResponseCodec.decode(W3CHttpResponseCodec.java:122)
at org.openqa.selenium.remote.http.W3CHttpResponseCodec.decode(W3CHttpResponseCodec.java:49)
at org.openqa.selenium.remote.HttpCommandExecutor.execute(HttpCommandExecutor.java:158)
at org.openqa.selenium.remote.service.DriverCommandExecutor.execute(DriverCommandExecutor.java:83)
at org.openqa.selenium.remote.RemoteWebDriver.execute(RemoteWebDriver.java:552)
at org.openqa.selenium.remote.RemoteWebDriver.findElement(RemoteWebDriver.java:323)
at org.openqa.selenium.remote.RemoteWebDriver.findElementByXPath(RemoteWebDriver.java:428)
at org.openqa.selenium.By$ByXPath.findElement(By.java:353)
at org.openqa.selenium.remote.RemoteWebDriver.findElement(RemoteWebDriver.java:315)
at com.contracosta.pom.utils.PageUtilities.getInputByLabel(PageUtilities.java:26)
at com.contracosta.pom.LanguageSelection.setLanguageCheckBox(LanguageSelection.java:20)
at com.contracosta.pom.LanguageSelection.setLanguageCheckBoxes(LanguageSelection.java:35)
at com.contracosta.barassociation.MemberForm.languageCategory(MemberForm.java:140)
at sun.reflect.NativeMethodAccessorImpl.invoke0(Native Method)
at sun.reflect.NativeMethodAccessorImpl.invoke(NativeMethodAccessorImpl.java:62)
at sun.reflect.DelegatingMethodAccessorImpl.invoke(DelegatingMethodAccessorImpl.java:43)
at java.lang.reflect.Method.invoke(Method.java:498)
at org.testng.internal.MethodInvocationHelper.invokeMethod(MethodInvocationHelper.java:133)
at org.testng.internal.TestInvoker.invokeMethod(TestInvoker.java:598)
at org.testng.internal.TestInvoker.invokeTestMethod(TestInvoker.java:173)
at org.testng.internal.MethodRunner.runInSequence(MethodRunner.java:46)
at org.testng.internal.TestInvoker$MethodInvocationAgent.invoke(TestInvoker.java:824)
at org.testng.internal.TestInvoker.invokeTestMethods(TestInvoker.java:146)
at org.testng.internal.TestMethodWorker.invokeTestMethods(TestMethodWorker.java:146)
at org.testng.internal.TestMethodWorker.run(TestMethodWorker.java:128)
at java.util.ArrayList.forEach(ArrayList.java:1259)
at org.testng.TestRunner.privateRun(TestRunner.java:794)
at org.testng.TestRunner.run(TestRunner.java:596)
at org.testng.SuiteRunner.runTest(SuiteRunner.java:377)
at org.testng.SuiteRunner.runSequentially(SuiteRunner.java:371)
at org.testng.SuiteRunner.privateRun(SuiteRunner.java:332)
at org.testng.SuiteRunner.run(SuiteRunner.java:276)
at org.testng.SuiteRunnerWorker.runSuite(SuiteRunnerWorker.java:53)
at org.testng.SuiteRunnerWorker.run(SuiteRunnerWorker.java:96)
at org.testng.TestNG.runSuitesSequentially(TestNG.java:1212)
at org.testng.TestNG.runSuitesLocally(TestNG.java:1134)
at org.testng.TestNG.runSuites(TestNG.java:1063)
at org.testng.TestNG.run(TestNG.java:1031)
at org.testng.remote.AbstractRemoteTestNG.run(AbstractRemoteTestNG.java:115)
at org.testng.remote.RemoteTestNG.initAndRun(RemoteTestNG.java:251)
at org.testng.remote.RemoteTestNG.main(RemoteTestNG.java:77)
]]>
            </full-stacktrace>
          </exception> <!-- org.openqa.selenium.NoSuchElementException -->
          <reporter-output>
          </reporter-output>
        </test-method> <!-- languageCategory -->
        <test-method status="PASS" signature="afterReport(org.testng.ITestResult)[pri:0, instance:com.contracosta.barassociation.MemberForm@5891e32e]" name="afterReport" is-config="true" duration-ms="407" started-at="2022-05-19T20:45:29 IST" finished-at="2022-05-19T20:45:30 IST">
          <params>
            <param index="0">
              <value>
                <![CDATA[[TestResult name=languageCategory status=FAILURE method=MemberForm.languageCategory(java.util.HashMap)[pri:4, instance:com.contracosta.barassociation.MemberForm@5891e32e] output={null}]]]>
              </value>
            </param>
          </params>
          <reporter-output>
          </reporter-output>
        </test-method> <!-- afterReport -->
        <test-method status="FAIL" signature="paymentCategory(java.util.HashMap)[pri:5, instance:com.contracosta.barassociation.MemberForm@5891e32e]" name="paymentCategory" duration-ms="10011" started-at="2022-05-19T20:45:30 IST" data-provider="payment" finished-at="2022-05-19T20:45:40 IST">
          <params>
            <param index="0">
              <value>
                <![CDATA[{PaymentNotes=Test Payment Note., PaymentType=CASH}]]>
              </value>
            </param>
          </params>
          <exception class="org.openqa.selenium.NoSuchElementException">
            <message>
              <![CDATA[no such element: Unable to locate element: {"method":"css selector","selector":"#chknotsend"}
  (Session info: chrome=102.0.5005.61)
For documentation on this error, please visit: https://www.seleniumhq.org/exceptions/no_such_element.html
Build info: version: '3.141.59', revision: 'e82be7d358', time: '2018-11-14T08:17:03'
System info: host: 'MacBook-Pro-2.local', ip: 'fe80:0:0:0:8ec:2aef:f3af:f7af%en0', os.name: 'Mac OS X', os.arch: 'x86_64', os.version: '12.3.1', java.version: '1.8.0_321'
Driver info: org.openqa.selenium.chrome.ChromeDriver
Capabilities {acceptInsecureCerts: false, browserName: chrome, browserVersion: 102.0.5005.61, chrome: {chromedriverVersion: 102.0.5005.27 (df4a85108ffa..., userDataDir: /var/folders/lh/5f3b6b7x5h1...}, goog:chromeOptions: {debuggerAddress: localhost:62083}, javascriptEnabled: true, networkConnectionEnabled: false, pageLoadStrategy: normal, platform: MAC, platformName: MAC, proxy: Proxy(), setWindowRect: true, strictFileInteractability: false, timeouts: {implicit: 0, pageLoad: 300000, script: 30000}, unhandledPromptBehavior: dismiss and notify, webauthn:extension:credBlob: true, webauthn:extension:largeBlob: true, webauthn:virtualAuthenticators: true}
Session ID: d831bc0f61ff1c4d8a0c73c5517e091c
*** Element info: {Using=id, value=chknotsend}]]>
            </message>
            <full-stacktrace>
              <![CDATA[org.openqa.selenium.NoSuchElementException: no such element: Unable to locate element: {"method":"css selector","selector":"#chknotsend"}
  (Session info: chrome=102.0.5005.61)
For documentation on this error, please visit: https://www.seleniumhq.org/exceptions/no_such_element.html
Build info: version: '3.141.59', revision: 'e82be7d358', time: '2018-11-14T08:17:03'
System info: host: 'MacBook-Pro-2.local', ip: 'fe80:0:0:0:8ec:2aef:f3af:f7af%en0', os.name: 'Mac OS X', os.arch: 'x86_64', os.version: '12.3.1', java.version: '1.8.0_321'
Driver info: org.openqa.selenium.chrome.ChromeDriver
Capabilities {acceptInsecureCerts: false, browserName: chrome, browserVersion: 102.0.5005.61, chrome: {chromedriverVersion: 102.0.5005.27 (df4a85108ffa..., userDataDir: /var/folders/lh/5f3b6b7x5h1...}, goog:chromeOptions: {debuggerAddress: localhost:62083}, javascriptEnabled: true, networkConnectionEnabled: false, pageLoadStrategy: normal, platform: MAC, platformName: MAC, proxy: Proxy(), setWindowRect: true, strictFileInteractability: false, timeouts: {implicit: 0, pageLoad: 300000, script: 30000}, unhandledPromptBehavior: dismiss and notify, webauthn:extension:credBlob: true, webauthn:extension:largeBlob: true, webauthn:virtualAuthenticators: true}
Session ID: d831bc0f61ff1c4d8a0c73c5517e091c
*** Element info: {Using=id, value=chknotsend}
at sun.reflect.NativeConstructorAccessorImpl.newInstance0(Native Method)
at sun.reflect.NativeConstructorAccessorImpl.newInstance(NativeConstructorAccessorImpl.java:62)
at sun.reflect.DelegatingConstructorAccessorImpl.newInstance(DelegatingConstructorAccessorImpl.java:45)
at java.lang.reflect.Constructor.newInstance(Constructor.java:423)
at org.openqa.selenium.remote.http.W3CHttpResponseCodec.createException(W3CHttpResponseCodec.java:187)
at org.openqa.selenium.remote.http.W3CHttpResponseCodec.decode(W3CHttpResponseCodec.java:122)
at org.openqa.selenium.remote.http.W3CHttpResponseCodec.decode(W3CHttpResponseCodec.java:49)
at org.openqa.selenium.remote.HttpCommandExecutor.execute(HttpCommandExecutor.java:158)
at org.openqa.selenium.remote.service.DriverCommandExecutor.execute(DriverCommandExecutor.java:83)
at org.openqa.selenium.remote.RemoteWebDriver.execute(RemoteWebDriver.java:552)
at org.openqa.selenium.remote.RemoteWebDriver.findElement(RemoteWebDriver.java:323)
at org.openqa.selenium.remote.RemoteWebDriver.findElementById(RemoteWebDriver.java:372)
at org.openqa.selenium.By$ById.findElement(By.java:188)
at org.openqa.selenium.remote.RemoteWebDriver.findElement(RemoteWebDriver.java:315)
at com.contracosta.pom.PaymentPage.<init>(PaymentPage.java:21)
at com.contracosta.barassociation.MemberForm.paymentCategory(MemberForm.java:147)
at sun.reflect.NativeMethodAccessorImpl.invoke0(Native Method)
at sun.reflect.NativeMethodAccessorImpl.invoke(NativeMethodAccessorImpl.java:62)
at sun.reflect.DelegatingMethodAccessorImpl.invoke(DelegatingMethodAccessorImpl.java:43)
at java.lang.reflect.Method.invoke(Method.java:498)
at org.testng.internal.MethodInvocationHelper.invokeMethod(MethodInvocationHelper.java:133)
at org.testng.internal.TestInvoker.invokeMethod(TestInvoker.java:598)
at org.testng.internal.TestInvoker.invokeTestMethod(TestInvoker.java:173)
at org.testng.internal.MethodRunner.runInSequence(MethodRunner.java:46)
at org.testng.internal.TestInvoker$MethodInvocationAgent.invoke(TestInvoker.java:824)
at org.testng.internal.TestInvoker.invokeTestMethods(TestInvoker.java:146)
at org.testng.internal.TestMethodWorker.invokeTestMethods(TestMethodWorker.java:146)
at org.testng.internal.TestMethodWorker.run(TestMethodWorker.java:128)
at java.util.ArrayList.forEach(ArrayList.java:1259)
at org.testng.TestRunner.privateRun(TestRunner.java:794)
at org.testng.TestRunner.run(TestRunner.java:596)
at org.testng.SuiteRunner.runTest(SuiteRunner.java:377)
at org.testng.SuiteRunner.runSequentially(SuiteRunner.java:371)
at org.testng.SuiteRunner.privateRun(SuiteRunner.java:332)
at org.testng.SuiteRunner.run(SuiteRunner.java:276)
at org.testng.SuiteRunnerWorker.runSuite(SuiteRunnerWorker.java:53)
at org.testng.SuiteRunnerWorker.run(SuiteRunnerWorker.java:96)
at org.testng.TestNG.runSuitesSequentially(TestNG.java:1212)
at org.testng.TestNG.runSuitesLocally(TestNG.java:1134)
at org.testng.TestNG.runSuites(TestNG.java:1063)
at org.testng.TestNG.run(TestNG.java:1031)
at org.testng.remote.AbstractRemoteTestNG.run(AbstractRemoteTestNG.java:115)
at org.testng.remote.RemoteTestNG.initAndRun(RemoteTestNG.java:251)
at org.testng.remote.RemoteTestNG.main(RemoteTestNG.java:77)
]]>
            </full-stacktrace>
          </exception> <!-- org.openqa.selenium.NoSuchElementException -->
          <reporter-output>
          </reporter-output>
        </test-method> <!-- paymentCategory -->
        <test-method status="PASS" signature="beforeReport(java.lang.reflect.Method)[pri:0, instance:com.contracosta.barassociation.MemberForm@5891e32e]" name="beforeReport" is-config="true" duration-ms="0" started-at="2022-05-19T20:45:30 IST" finished-at="2022-05-19T20:45:30 IST">
          <params>
            <param index="0">
              <value>
                <![CDATA[public void com.contracosta.barassociation.MemberForm.paymentCategory(java.util.HashMap)]]>
              </value>
            </param>
          </params>
          <reporter-output>
          </reporter-output>
        </test-method> <!-- beforeReport -->
        <test-method status="PASS" signature="afterReport(org.testng.ITestResult)[pri:0, instance:com.contracosta.barassociation.MemberForm@5891e32e]" name="afterReport" is-config="true" duration-ms="395" started-at="2022-05-19T20:45:40 IST" finished-at="2022-05-19T20:45:40 IST">
          <params>
            <param index="0">
              <value>
                <![CDATA[[TestResult name=paymentCategory status=FAILURE method=MemberForm.paymentCategory(java.util.HashMap)[pri:5, instance:com.contracosta.barassociation.MemberForm@5891e32e] output={null}]]]>
              </value>
            </param>
          </params>
          <reporter-output>
          </reporter-output>
        </test-method> <!-- afterReport -->
        <test-method status="PASS" signature="closeUp()[pri:0, instance:com.contracosta.barassociation.MemberForm@5891e32e]" name="closeUp" is-config="true" duration-ms="183" started-at="2022-05-19T20:45:41 IST" finished-at="2022-05-19T20:45:41 IST">
          <reporter-output>
          </reporter-output>
        </test-method> <!-- closeUp -->
      </class> <!-- com.contracosta.barassociation.MemberForm -->
    </test> <!-- Default test -->
  </suite> <!-- Default suite -->
</testng-results>
